# JRE version: OpenJDK Runtime Environment Corretto-17.0.5.8.1 (17.0.5+8) (build 17.0.5+8-LTS)
# Java VM: OpenJDK 64-Bit Server VM Corretto-17.0.5.8.1 (17.0.5+8-LTS, mixed mode, sharing, tiered, compressed oops, compressed class ptrs, g1 gc, windows-amd64)
GC Precious Log:
 CPUs: 8 total, 8 available
 Memory: 16183M
 Large Page Support: Disabled
 NUMA Support: Disabled
 Compressed Oops: Enabled (Zero based)
 Heap Region Size: 2M
 Heap Min Capacity: 8M
 Heap Initial Capacity: 254M
 Heap Max Capacity: 4046M
 Pre-touch: Disabled
 Parallel Workers: 8
 Concurrent Workers: 2
 Concurrent Refinement Workers: 8
 Periodic GC: Disabled
Heap:
 garbage-first heap   total 81920K, used 47989K [0x0000000703200000, 0x0000000800000000)
  region size 2048K, 9 young (18432K), 2 survivors (4096K)
 Metaspace       used 72969K, committed 73536K, reserved 1122304K
  class space    used 9385K, committed 9664K, reserved 1048576K
GC Heap History (20 events):
Event: 3.355 GC heap before
{Heap before GC invocations=6 (full 0):
 garbage-first heap   total 55296K, used 31665K [0x0000000703200000, 0x0000000800000000)
  region size 2048K, 10 young (20480K), 1 survivors (2048K)
 Metaspace       used 29094K, committed 29376K, reserved 1081344K
  class space    used 3620K, committed 3776K, reserved 1048576K
}
Event: 3.359 GC heap after
{Heap after GC invocations=7 (full 0):
 garbage-first heap   total 157696K, used 16127K [0x0000000703200000, 0x0000000800000000)
  region size 2048K, 1 young (2048K), 1 survivors (2048K)
 Metaspace       used 29094K, committed 29376K, reserved 1081344K
  class space    used 3620K, committed 3776K, reserved 1048576K
}
Event: 4.991 GC heap before
{Heap before GC invocations=7 (full 0):
 garbage-first heap   total 157696K, used 48895K [0x0000000703200000, 0x0000000800000000)
  region size 2048K, 18 young (36864K), 1 survivors (2048K)
 Metaspace       used 36004K, committed 36288K, reserved 1081344K
  class space    used 4541K, committed 4672K, reserved 1048576K
}
Event: 5.008 GC heap after
{Heap after GC invocations=8 (full 0):
 garbage-first heap   total 157696K, used 19669K [0x0000000703200000, 0x0000000800000000)
  region size 2048K, 3 young (6144K), 3 survivors (6144K)
 Metaspace       used 36004K, committed 36288K, reserved 1081344K
  class space    used 4541K, committed 4672K, reserved 1048576K
}
Event: 6.450 GC heap before
{Heap before GC invocations=9 (full 0):
 garbage-first heap   total 81920K, used 62677K [0x0000000703200000, 0x0000000800000000)
  region size 2048K, 24 young (49152K), 3 survivors (6144K)
 Metaspace       used 44600K, committed 45056K, reserved 1089536K
  class space    used 5772K, committed 6016K, reserved 1048576K
}
Event: 6.458 GC heap after
{Heap after GC invocations=10 (full 0):
 garbage-first heap   total 81920K, used 22304K [0x0000000703200000, 0x0000000800000000)
  region size 2048K, 2 young (4096K), 2 survivors (4096K)
 Metaspace       used 44600K, committed 45056K, reserved 1089536K
  class space    used 5772K, committed 6016K, reserved 1048576K
}
Event: 6.487 GC heap before
{Heap before GC invocations=10 (full 0):
 garbage-first heap   total 81920K, used 22304K [0x0000000703200000, 0x0000000800000000)
  region size 2048K, 3 young (6144K), 2 survivors (4096K)
 Metaspace       used 45298K, committed 45760K, reserved 1089536K
  class space    used 5846K, committed 6080K, reserved 1048576K
}
Event: 6.490 GC heap after
{Heap after GC invocations=11 (full 0):
 garbage-first heap   total 81920K, used 22186K [0x0000000703200000, 0x0000000800000000)
  region size 2048K, 1 young (2048K), 1 survivors (2048K)
 Metaspace       used 45298K, committed 45760K, reserved 1089536K
  class space    used 5846K, committed 6080K, reserved 1048576K
}
Event: 7.271 GC heap before
{Heap before GC invocations=11 (full 0):
 garbage-first heap   total 81920K, used 59050K [0x0000000703200000, 0x0000000800000000)
  region size 2048K, 20 young (40960K), 1 survivors (2048K)
 Metaspace       used 54319K, committed 54720K, reserved 1097728K
  class space    used 7154K, committed 7360K, reserved 1048576K
}
Event: 7.274 GC heap after
{Heap after GC invocations=12 (full 0):
 garbage-first heap   total 81920K, used 24171K [0x0000000703200000, 0x0000000800000000)
  region size 2048K, 2 young (4096K), 2 survivors (4096K)
 Metaspace       used 54319K, committed 54720K, reserved 1097728K
  class space    used 7154K, committed 7360K, reserved 1048576K
}
Event: 8.449 GC heap before
{Heap before GC invocations=13 (full 0):
 garbage-first heap   total 81920K, used 58987K [0x0000000703200000, 0x0000000800000000)
  region size 2048K, 20 young (40960K), 2 survivors (4096K)
 Metaspace       used 59600K, committed 60096K, reserved 1105920K
  class space    used 7914K, committed 8128K, reserved 1048576K
}
Event: 8.453 GC heap after
{Heap after GC invocations=14 (full 0):
 garbage-first heap   total 81920K, used 26238K [0x0000000703200000, 0x0000000800000000)
  region size 2048K, 3 young (6144K), 3 survivors (6144K)
 Metaspace       used 59600K, committed 60096K, reserved 1105920K
  class space    used 7914K, committed 8128K, reserved 1048576K
}
Event: 8.912 GC heap before
{Heap before GC invocations=14 (full 0):
 garbage-first heap   total 81920K, used 61054K [0x0000000703200000, 0x0000000800000000)
  region size 2048K, 20 young (40960K), 3 survivors (6144K)
 Metaspace       used 61095K, committed 61568K, reserved 1105920K
  class space    used 8055K, committed 8256K, reserved 1048576K
}
Event: 8.917 GC heap after
{Heap after GC invocations=15 (full 0):
 garbage-first heap   total 81920K, used 27290K [0x0000000703200000, 0x0000000800000000)
  region size 2048K, 2 young (4096K), 2 survivors (4096K)
 Metaspace       used 61095K, committed 61568K, reserved 1105920K
  class space    used 8055K, committed 8256K, reserved 1048576K
}
Event: 9.382 GC heap before
{Heap before GC invocations=15 (full 0):
 garbage-first heap   total 81920K, used 64154K [0x0000000703200000, 0x0000000800000000)
  region size 2048K, 20 young (40960K), 2 survivors (4096K)
 Metaspace       used 63009K, committed 63424K, reserved 1105920K
  class space    used 8265K, committed 8448K, reserved 1048576K
}
Event: 9.389 GC heap after
{Heap after GC invocations=16 (full 0):
 garbage-first heap   total 81920K, used 28749K [0x0000000703200000, 0x0000000800000000)
  region size 2048K, 3 young (6144K), 3 survivors (6144K)
 Metaspace       used 63009K, committed 63424K, reserved 1105920K
  class space    used 8265K, committed 8448K, reserved 1048576K
}
Event: 23.449 GC heap before
{Heap before GC invocations=16 (full 0):
 garbage-first heap   total 81920K, used 61517K [0x0000000703200000, 0x0000000800000000)
  region size 2048K, 20 young (40960K), 3 survivors (6144K)
 Metaspace       used 68589K, committed 69056K, reserved 1114112K
  class space    used 8981K, committed 9216K, reserved 1048576K
}
Event: 23.461 GC heap after
{Heap after GC invocations=17 (full 0):
 garbage-first heap   total 81920K, used 32162K [0x0000000703200000, 0x0000000800000000)
  region size 2048K, 3 young (6144K), 3 survivors (6144K)
 Metaspace       used 68589K, committed 69056K, reserved 1114112K
  class space    used 8981K, committed 9216K, reserved 1048576K
}
Event: 3536.791 GC heap before
{Heap before GC invocations=17 (full 0):
 garbage-first heap   total 81920K, used 64930K [0x0000000703200000, 0x0000000800000000)
  region size 2048K, 19 young (38912K), 3 survivors (6144K)
 Metaspace       used 72300K, committed 72768K, reserved 1114112K
  class space    used 9375K, committed 9600K, reserved 1048576K
}
Event: 3536.807 GC heap after
{Heap after GC invocations=18 (full 0):
 garbage-first heap   total 81920K, used 35701K [0x0000000703200000, 0x0000000800000000)
  region size 2048K, 2 young (4096K), 2 survivors (4096K)
 Metaspace       used 72300K, committed 72768K, reserved 1114112K
  class space    used 9375K, committed 9600K, reserved 1048576K
}

